#! /usr/bin/vvp
:ivl_version "0.9.7 " "(v0_9_7)";
:vpi_time_precision - 12;
:vpi_module "system";
:vpi_module "v2005_math";
:vpi_module "va_math";
S_0x1382f20 .scope module, "dassign2_1_tb" "dassign2_1_tb" 2 11;
 .timescale -9 -12;
v0x13b8220_0 .var "a", 7 0;
v0x13b82c0_0 .var "b", 7 0;
v0x13b8340_0 .net "clk", 0 0, v0x13b8110_0; 1 drivers
v0x13b83c0_0 .var "correct", 15 0;
v0x13b8440_0 .var/i "i", 31 0;
v0x13b84c0_0 .var/i "mult_err", 31 0;
v0x13b85a0_0 .net "prod", 15 0, v0x13b5ec0_0; 1 drivers
v0x13b8620_0 .net "ready", 0 0, L_0x13b9a80; 1 drivers
v0x13b8740_0 .var "reset", 0 0;
E_0x1385fb0 .event posedge, v0x13b5170_0;
S_0x13b7fe0 .scope module, "clock_gen" "clock_gen" 2 36, 3 127, S_0x1382f20;
 .timescale -9 -12;
P_0x13b76e8 .param/l "half_period" 3 128, +C4<011111>;
v0x13b8110_0 .var "clk", 0 0;
S_0x1384c90 .scope module, "multiply" "multiply" 2 37, 3 95, S_0x1382f20;
 .timescale -9 -12;
v0x13b7310_0 .net *"_s2", 7 0, C4<00000000>; 1 drivers
v0x13b7390_0 .net *"_s6", 7 0, C4<00000000>; 1 drivers
v0x13b7410_0 .net "a_reg", 15 0, v0x13b6230_0; 1 drivers
v0x13b7490_0 .net "a_reg_temp", 15 0, L_0x13b9d80; 1 drivers
v0x13b7590_0 .net "a_reg_temp2", 15 0, L_0x13b89b0; 1 drivers
v0x13b7660_0 .net "accumulator_reg_temp", 15 0, L_0x13b95a0; 1 drivers
v0x13b7770_0 .net "accumulator_reg_temp2", 15 0, L_0x13b8850; 1 drivers
v0x13b7840_0 .net "ain", 7 0, v0x13b8220_0; 1 drivers
v0x13b7910_0 .net "b_reg", 7 0, v0x13b6620_0; 1 drivers
v0x13b7990_0 .net "b_reg_temp", 7 0, L_0x13b9fe0; 1 drivers
v0x13b7a70_0 .net "b_reg_temp2", 7 0, L_0x13b8cc0; 1 drivers
v0x13b7b40_0 .net "bin", 7 0, v0x13b82c0_0; 1 drivers
v0x13b7c30_0 .alias "clk", 0 0, v0x13b8340_0;
v0x13b7cb0_0 .net "pp", 15 0, L_0x13b91e0; 1 drivers
v0x13b7e00_0 .alias "prod", 15 0, v0x13b85a0_0;
v0x13b7ed0_0 .alias "ready", 0 0, v0x13b8620_0;
v0x13b7d30_0 .net "reset", 0 0, v0x13b8740_0; 1 drivers
L_0x13b8b30 .concat [ 8 8 0 0], v0x13b8220_0, C4<00000000>;
L_0x13b9470 .concat [ 8 8 0 0], v0x13b6620_0, C4<00000000>;
L_0x13b9c40 .part v0x13b6230_0, 0, 8;
S_0x13b6ef0 .scope module, "mux2_1" "mux2" 3 106, 3 32, S_0x1384c90;
 .timescale -9 -12;
P_0x13b6fe8 .param/l "width" 3 33, +C4<010000>;
v0x13b7060_0 .alias "a", 15 0, v0x13b7660_0;
v0x13b7110_0 .net "b", 15 0, C4<0000000000000000>; 1 drivers
v0x13b7190_0 .alias "sel", 0 0, v0x13b7d30_0;
v0x13b7260_0 .alias "y", 15 0, v0x13b7770_0;
L_0x13b8850 .delay (3000,3000,3000) L_0x13b8850/d;
L_0x13b8850/d .functor MUXZ 16, L_0x13b95a0, C4<0000000000000000>, v0x13b8740_0, C4<>;
S_0x13b6ac0 .scope module, "mux2_2" "mux2" 3 107, 3 32, S_0x1384c90;
 .timescale -9 -12;
P_0x13b6bb8 .param/l "width" 3 33, +C4<010000>;
v0x13b6c30_0 .alias "a", 15 0, v0x13b7490_0;
v0x13b6ce0_0 .net "b", 15 0, L_0x13b8b30; 1 drivers
v0x13b6d60_0 .alias "sel", 0 0, v0x13b7d30_0;
v0x13b6e10_0 .alias "y", 15 0, v0x13b7590_0;
L_0x13b89b0 .delay (3000,3000,3000) L_0x13b89b0/d;
L_0x13b89b0/d .functor MUXZ 16, L_0x13b9d80, L_0x13b8b30, v0x13b8740_0, C4<>;
S_0x13b66f0 .scope module, "mux2_3" "mux2" 3 108, 3 32, S_0x1384c90;
 .timescale -9 -12;
P_0x13b67e8 .param/l "width" 3 33, +C4<01000>;
v0x13b68a0_0 .alias "a", 7 0, v0x13b7990_0;
v0x13b6920_0 .alias "b", 7 0, v0x13b7b40_0;
v0x13b69a0_0 .alias "sel", 0 0, v0x13b7d30_0;
v0x13b6a40_0 .alias "y", 7 0, v0x13b7a70_0;
L_0x13b8cc0 .delay (3000,3000,3000) L_0x13b8cc0/d;
L_0x13b8cc0/d .functor MUXZ 8, L_0x13b9fe0, v0x13b82c0_0, v0x13b8740_0, C4<>;
S_0x13b6300 .scope module, "b_dreg" "dreg" 3 110, 3 18, S_0x1384c90;
 .timescale -9 -12;
P_0x13b63f8 .param/l "width" 3 19, +C4<01000>;
v0x13b64b0_0 .alias "clk", 0 0, v0x13b8340_0;
v0x13b6580_0 .alias "d", 7 0, v0x13b7a70_0;
v0x13b6620_0 .var "q", 7 0;
S_0x13b5f70 .scope module, "a_dreg" "dreg" 3 111, 3 18, S_0x1384c90;
 .timescale -9 -12;
P_0x13b6068 .param/l "width" 3 19, +C4<010000>;
v0x13b6100_0 .alias "clk", 0 0, v0x13b8340_0;
v0x13b61b0_0 .alias "d", 15 0, v0x13b7590_0;
v0x13b6230_0 .var "q", 15 0;
S_0x13b5bc0 .scope module, "acc_dreg" "dreg" 3 112, 3 18, S_0x1384c90;
 .timescale -9 -12;
P_0x13b4fa8 .param/l "width" 3 19, +C4<010000>;
v0x13b5d60_0 .alias "clk", 0 0, v0x13b8340_0;
v0x13b5e20_0 .alias "d", 15 0, v0x13b7770_0;
v0x13b5ec0_0 .var "q", 15 0;
E_0x13b5d10 .event posedge, v0x13b5d60_0;
S_0x13b54e0 .scope module, "partial_product_1" "partial_product" 3 114, 3 65, S_0x1384c90;
 .timescale -9 -12;
v0x13b55d0_0 .net *"_s1", 0 0, L_0x13b8e40; 1 drivers
v0x13b5690_0 .net *"_s10", 15 0, C4<0000000000000000>; 1 drivers
v0x13b5730_0 .net *"_s2", 2 0, L_0x13b8ee0; 1 drivers
v0x13b57d0_0 .net *"_s5", 1 0, C4<00>; 1 drivers
v0x13b5880_0 .net *"_s6", 2 0, C4<001>; 1 drivers
v0x13b5920_0 .net *"_s8", 0 0, L_0x13b9060; 1 drivers
v0x13b59c0_0 .alias "a", 15 0, v0x13b7410_0;
v0x13b5a40_0 .net "b", 15 0, L_0x13b9470; 1 drivers
v0x13b5b10_0 .alias "pp", 15 0, v0x13b7cb0_0;
L_0x13b8e40 .part L_0x13b9470, 0, 1;
L_0x13b8ee0 .concat [ 1 2 0 0], L_0x13b8e40, C4<00>;
L_0x13b9060 .cmp/eq 3, L_0x13b8ee0, C4<001>;
L_0x13b91e0 .delay (1000,1000,1000) L_0x13b91e0/d;
L_0x13b91e0/d .functor MUXZ 16, C4<0000000000000000>, v0x13b6230_0, L_0x13b9060, C4<>;
S_0x13b51f0 .scope module, "add_1" "adder16" 3 115, 3 75, S_0x1384c90;
 .timescale -9 -12;
v0x13b52e0_0 .alias "a", 15 0, v0x13b7cb0_0;
v0x13b53a0_0 .alias "b", 15 0, v0x13b85a0_0;
v0x13b5440_0 .alias "sum", 15 0, v0x13b7660_0;
L_0x13b95a0 .delay (48000,48000,48000) L_0x13b95a0/d;
L_0x13b95a0/d .arith/sum 16, L_0x13b91e0, v0x13b5ec0_0;
S_0x13b4ae0 .scope module, "is_done_1" "is_done" 3 117, 3 85, S_0x1384c90;
 .timescale -9 -12;
v0x13b4bd0_0 .net *"_s0", 8 0, L_0x13b9830; 1 drivers
v0x13b4c90_0 .net/s *"_s10", 0 0, C4<0>; 1 drivers
v0x13b4d30_0 .net *"_s3", 0 0, C4<0>; 1 drivers
v0x13b4dd0_0 .net *"_s4", 8 0, C4<000000000>; 1 drivers
v0x13b4e80_0 .net *"_s6", 0 0, L_0x13b9950; 1 drivers
v0x13b4f20_0 .net/s *"_s8", 0 0, C4<1>; 1 drivers
v0x13b5000_0 .net "a", 7 0, L_0x13b9c40; 1 drivers
v0x13b50a0_0 .alias "b", 7 0, v0x13b7910_0;
v0x13b5170_0 .alias "done", 0 0, v0x13b8620_0;
L_0x13b9830 .concat [ 8 1 0 0], v0x13b6620_0, C4<0>;
L_0x13b9950 .cmp/eq 9, L_0x13b9830, C4<000000000>;
L_0x13b9a80 .delay (4000,4000,4000) L_0x13b9a80/d;
L_0x13b9a80/d .functor MUXZ 1, C4<0>, C4<1>, L_0x13b9950, C4<>;
S_0x13b46a0 .scope module, "shl_1" "shl" 3 118, 3 44, S_0x1384c90;
 .timescale -9 -12;
P_0x13b4798 .param/l "width" 3 45, +C4<010000>;
v0x13b4850_0 .net *"_s1", 14 0, L_0x13b9ce0; 1 drivers
v0x13b48f0_0 .net *"_s2", 0 0, C4<0>; 1 drivers
v0x13b4990_0 .alias "a", 15 0, v0x13b7410_0;
v0x13b4a30_0 .alias "y", 15 0, v0x13b7490_0;
L_0x13b9ce0 .part v0x13b6230_0, 0, 15;
L_0x13b9d80 .concat [ 1 15 0 0], C4<0>, L_0x13b9ce0;
S_0x137f740 .scope module, "shr_1" "shr" 3 119, 3 54, S_0x1384c90;
 .timescale -9 -12;
P_0x1356068 .param/l "width" 3 55, +C4<01000>;
v0x1388990_0 .net *"_s0", 0 0, C4<0>; 1 drivers
v0x13b44b0_0 .net *"_s3", 6 0, L_0x13b9f40; 1 drivers
v0x13b4550_0 .alias "a", 7 0, v0x13b7910_0;
v0x13b45f0_0 .alias "y", 7 0, v0x13b7990_0;
L_0x13b9f40 .part v0x13b6620_0, 1, 7;
L_0x13b9fe0 .concat [ 7 1 0 0], L_0x13b9f40, C4<0>;
    .scope S_0x13b7fe0;
T_0 ;
    %set/v v0x13b8110_0, 0, 1;
    %end;
    .thread T_0;
    .scope S_0x13b7fe0;
T_1 ;
    %delay 31000, 0;
    %load/v 8, v0x13b8110_0, 1;
    %inv 8, 1;
    %set/v v0x13b8110_0, 8, 1;
    %jmp T_1;
    .thread T_1;
    .scope S_0x13b6300;
T_2 ;
    %wait E_0x13b5d10;
    %load/v 8, v0x13b6580_0, 8;
    %ix/load 0, 8, 0;
    %assign/v0 v0x13b6620_0, 3000, 8;
    %jmp T_2;
    .thread T_2;
    .scope S_0x13b5f70;
T_3 ;
    %wait E_0x13b5d10;
    %load/v 8, v0x13b61b0_0, 16;
    %ix/load 0, 16, 0;
    %assign/v0 v0x13b6230_0, 3000, 8;
    %jmp T_3;
    .thread T_3;
    .scope S_0x13b5bc0;
T_4 ;
    %wait E_0x13b5d10;
    %load/v 8, v0x13b5e20_0, 16;
    %ix/load 0, 16, 0;
    %assign/v0 v0x13b5ec0_0, 3000, 8;
    %jmp T_4;
    .thread T_4;
    .scope S_0x1382f20;
T_5 ;
    %vpi_call 2 45 "$dumpfile", "timing2_1.vcd";
    %vpi_call 2 46 "$dumpvars";
    %set/v v0x13b84c0_0, 0, 32;
    %set/v v0x13b8440_0, 0, 32;
T_5.0 ;
    %load/v 8, v0x13b8440_0, 32;
   %cmpi/s 8, 127, 32;
    %jmp/0xz T_5.1, 5;
    %wait E_0x13b5d10;
    %vpi_func 2 57 "$urandom", 8, 32;
    %set/v v0x13b8220_0, 8, 8;
    %vpi_func 2 58 "$urandom", 8, 32;
    %set/v v0x13b82c0_0, 8, 8;
    %set/v v0x13b8740_0, 1, 1;
    %vpi_call 2 61 "$display", "@%0t : %d * %d == ", $time, v0x13b8220_0, v0x13b82c0_0;
    %load/v 8, v0x13b8220_0, 8;
    %movi 16, 0, 8;
    %load/v 24, v0x13b82c0_0, 8;
    %movi 32, 0, 8;
    %mul 8, 24, 16;
    %set/v v0x13b83c0_0, 8, 16;
    %wait E_0x13b5d10;
    %set/v v0x13b8220_0, 0, 8;
    %set/v v0x13b82c0_0, 0, 8;
    %set/v v0x13b8740_0, 0, 1;
    %wait E_0x1385fb0;
    %wait E_0x13b5d10;
    %load/v 8, v0x13b85a0_0, 16;
    %load/v 24, v0x13b83c0_0, 16;
    %cmp/u 8, 24, 16;
    %inv 6, 1;
    %jmp/0xz  T_5.2, 6;
    %vpi_call 2 76 "$display", "@%0t :   %d (should be %d)", $time, v0x13b85a0_0, v0x13b83c0_0;
    %load/v 8, v0x13b84c0_0, 32;
    %mov 40, 39, 1;
    %addi 8, 1, 33;
    %set/v v0x13b84c0_0, 8, 32;
T_5.2 ;
    %ix/load 0, 1, 0;
    %load/vp0/s 8, v0x13b8440_0, 32;
    %set/v v0x13b8440_0, 8, 32;
    %jmp T_5.0;
T_5.1 ;
    %load/v 8, v0x13b84c0_0, 32;
    %nor/r 8, 8, 32;
    %jmp/0xz  T_5.4, 8;
    %vpi_call 2 82 "$display", "ASSERTION PASSED CHECK mult";
    %jmp T_5.5;
T_5.4 ;
    %vpi_call 2 84 "$display", "ASSERTION FAILED CHECK mult WITH ERRNO %d\012", v0x13b84c0_0;
T_5.5 ;
    %vpi_call 2 86 "$finish";
    %end;
    .thread T_5;
# The file index is used to find the file name in the following table.
:file_names 4;
    "N/A";
    "<interactive>";
    "dassign2_1.tb";
    "dassign2_1.v";
